0 info it worked if it ends with ok
1 verbose cli [ 'node', '/usr/local/bin/npm', 'install', 'bezier-js' ]
2 info using npm@2.9.0
3 info using node@v0.8.15
4 verbose install initial load of /Users/mac/imagedev/hindialphabet/package.json
5 verbose readDependencies loading dependencies from /Users/mac/imagedev/hindialphabet/package.json
6 silly cache add args [ 'bezier-js', null ]
7 verbose cache add spec bezier-js
8 silly cache add parsed spec { raw: 'bezier-js',
8 silly cache add   scope: null,
8 silly cache add   name: 'bezier-js',
8 silly cache add   rawSpec: '',
8 silly cache add   spec: '*',
8 silly cache add   type: 'range' }
9 silly addNamed bezier-js@*
10 verbose addNamed "*" is a valid semver range for bezier-js
11 silly addNameRange { name: 'bezier-js', range: '*', hasData: false }
12 silly mapToRegistry name bezier-js
13 silly mapToRegistry using default registry
14 silly mapToRegistry registry https://registry.npmjs.org/
15 silly mapToRegistry uri https://registry.npmjs.org/bezier-js
16 verbose addNameRange registry:https://registry.npmjs.org/bezier-js not in flight; fetching
17 verbose request uri https://registry.npmjs.org/bezier-js
18 verbose request no auth needed
19 info attempt registry request try #1 at 13:56:54
20 verbose request id b1a3665b60bba060
21 http request GET https://registry.npmjs.org/bezier-js
22 http 200 https://registry.npmjs.org/bezier-js
23 silly get cb [ 200,
23 silly get   { server: 'nginx/1.10.1',
23 silly get     'content-type': 'application/json',
23 silly get     'last-modified': 'Thu, 15 Dec 2016 05:11:00 GMT',
23 silly get     etag: 'W/"585225e4-b36d"',
23 silly get     'content-encoding': 'gzip',
23 silly get     'cache-control': 'max-age=300',
23 silly get     'content-length': '5069',
23 silly get     'accept-ranges': 'bytes',
23 silly get     date: 'Mon, 02 Jan 2017 08:26:55 GMT',
23 silly get     via: '1.1 varnish',
23 silly get     age: '0',
23 silly get     connection: 'keep-alive',
23 silly get     'x-served-by': 'cache-sin6920-SIN',
23 silly get     'x-cache': 'MISS',
23 silly get     'x-cache-hits': '0',
23 silly get     'x-timer': 'S1483345615.691552,VS0,VE196',
23 silly get     vary: 'Accept-Encoding' } ]
24 verbose get saving bezier-js to /Users/mac/.npm/registry.npmjs.org/bezier-js/.cache.json
25 silly addNameRange number 2 { name: 'bezier-js', range: '*', hasData: true }
26 silly addNameRange versions [ 'bezier-js',
26 silly addNameRange   [ '1.0.1',
26 silly addNameRange     '1.0.3',
26 silly addNameRange     '1.0.4',
26 silly addNameRange     '1.0.5',
26 silly addNameRange     '1.0.6',
26 silly addNameRange     '1.0.7',
26 silly addNameRange     '1.0.8',
26 silly addNameRange     '1.0.9',
26 silly addNameRange     '1.0.10',
26 silly addNameRange     '1.0.11',
26 silly addNameRange     '1.0.12',
26 silly addNameRange     '1.0.13',
26 silly addNameRange     '1.1.0',
26 silly addNameRange     '1.1.1',
26 silly addNameRange     '1.2.0',
26 silly addNameRange     '1.2.1',
26 silly addNameRange     '1.2.2',
26 silly addNameRange     '1.2.3',
26 silly addNameRange     '1.3.0',
26 silly addNameRange     '1.3.1',
26 silly addNameRange     '1.3.2',
26 silly addNameRange     '1.4.0',
26 silly addNameRange     '1.4.1',
26 silly addNameRange     '1.5.0',
26 silly addNameRange     '1.6.0',
26 silly addNameRange     '1.7.0',
26 silly addNameRange     '1.7.1',
26 silly addNameRange     '1.7.2',
26 silly addNameRange     '1.7.3',
26 silly addNameRange     '2.0.0',
26 silly addNameRange     '2.0.1',
26 silly addNameRange     '2.0.2',
26 silly addNameRange     '2.1.0',
26 silly addNameRange     '2.2.0',
26 silly addNameRange     '2.2.1',
26 silly addNameRange     '2.2.2' ] ]
27 silly addNamed bezier-js@2.2.2
28 verbose addNamed "2.2.2" is a plain semver version for bezier-js
29 silly mapToRegistry name bezier-js
30 silly mapToRegistry using default registry
31 silly mapToRegistry registry https://registry.npmjs.org/
32 silly mapToRegistry uri https://registry.npmjs.org/bezier-js
33 verbose addRemoteTarball https://registry.npmjs.org/bezier-js/-/bezier-js-2.2.2.tgz not in flight; adding
34 verbose addRemoteTarball [ 'https://registry.npmjs.org/bezier-js/-/bezier-js-2.2.2.tgz',
34 verbose addRemoteTarball   '876679763ca384a8eb5057b073485382aa49e1a9' ]
35 info retry fetch attempt 1 at 13:56:56
36 info attempt registry request try #1 at 13:56:56
37 http fetch GET https://registry.npmjs.org/bezier-js/-/bezier-js-2.2.2.tgz
38 http fetch 200 https://registry.npmjs.org/bezier-js/-/bezier-js-2.2.2.tgz
39 silly fetchAndShaCheck shasum 876679763ca384a8eb5057b073485382aa49e1a9
40 verbose addTmpTarball /var/folders/z3/0kb93b5s0h9dx6j7mvy4dm6c0000gn/T/npm-944-f85d5231/registry.npmjs.org/bezier-js/-/bezier-js-2.2.2.tgz not in flight; adding
41 verbose addTmpTarball already have metadata; skipping unpack for bezier-js@2.2.2
42 silly cache afterAdd bezier-js@2.2.2
43 verbose afterAdd /Users/mac/.npm/bezier-js/2.2.2/package/package.json not in flight; writing
44 verbose afterAdd /Users/mac/.npm/bezier-js/2.2.2/package/package.json written
45 silly install resolved [ { name: 'bezier-js',
45 silly install resolved     version: '2.2.2',
45 silly install resolved     description: 'A javascript library for working with Bezier curves',
45 silly install resolved     main: './index.js',
45 silly install resolved     scripts:
45 silly install resolved      { test: 'npm run build && node test',
45 silly install resolved        'test:manual': 'http-server test/manual',
45 silly install resolved        build: 'rimraf bezier.js && webpack' },
45 silly install resolved     repository:
45 silly install resolved      { type: 'git',
45 silly install resolved        url: 'git+https://github.com/Pomax/bezierjs.git' },
45 silly install resolved     keywords: [ 'bezier', 'curves' ],
45 silly install resolved     author: { name: 'Pomax' },
45 silly install resolved     license: 'MIT',
45 silly install resolved     bugs: { url: 'https://github.com/Pomax/bezierjs/issues' },
45 silly install resolved     homepage: 'https://github.com/Pomax/bezierjs',
45 silly install resolved     devDependencies:
45 silly install resolved      { 'babel-core': '^6.4.5',
45 silly install resolved        'babel-loader': '^6.2.2',
45 silly install resolved        'babel-preset-es2015': '^6.3.13',
45 silly install resolved        'babel-preset-react': '^6.3.13',
45 silly install resolved        browserify: '^9.0.3',
45 silly install resolved        chai: '^3.2.0',
45 silly install resolved        'chai-stats': '^0.3.0',
45 silly install resolved        mkdirp: '^0.5.1',
45 silly install resolved        uglify: '^0.1.1',
45 silly install resolved        'uglify-js': '^2.4.17',
45 silly install resolved        webpack: '^1.12.13' },
45 silly install resolved     gitHead: '5d0b11c7192e36afc3c1f5ae279415d2428c6d6e',
45 silly install resolved     _id: 'bezier-js@2.2.2',
45 silly install resolved     _shasum: '876679763ca384a8eb5057b073485382aa49e1a9',
45 silly install resolved     _from: 'bezier-js@*',
45 silly install resolved     _npmVersion: '3.10.8',
45 silly install resolved     _nodeVersion: '6.9.1',
45 silly install resolved     _npmUser: { name: 'pomax', email: 'pomax@nihongoresources.com' },
45 silly install resolved     dist:
45 silly install resolved      { shasum: '876679763ca384a8eb5057b073485382aa49e1a9',
45 silly install resolved        tarball: 'https://registry.npmjs.org/bezier-js/-/bezier-js-2.2.2.tgz' },
45 silly install resolved     maintainers: [ [Object] ],
45 silly install resolved     _npmOperationalInternal:
45 silly install resolved      { host: 'packages-18-east.internal.npmjs.com',
45 silly install resolved        tmp: 'tmp/bezier-js-2.2.2.tgz_1481778658438_0.5953639019280672' },
45 silly install resolved     directories: {},
45 silly install resolved     _resolved: 'https://registry.npmjs.org/bezier-js/-/bezier-js-2.2.2.tgz' } ]
46 info install bezier-js@2.2.2 into /Users/mac/imagedev/hindialphabet
47 info installOne bezier-js@2.2.2
48 verbose installOne of bezier-js to /Users/mac/imagedev/hindialphabet not in flight; installing
49 warn locking Error: EACCES, open '/Users/mac/.npm/_locks/bezier-js-9227ac57f0678d77.lock'
49 warn locking  /Users/mac/.npm/_locks/bezier-js-9227ac57f0678d77.lock failed { [Error: EACCES, open '/Users/mac/.npm/_locks/bezier-js-9227ac57f0678d77.lock']
49 warn locking   errno: 3,
49 warn locking   code: 'EACCES',
49 warn locking   path: '/Users/mac/.npm/_locks/bezier-js-9227ac57f0678d77.lock' }
50 verbose stack Error: Attempt to unlock /Users/mac/imagedev/hindialphabet/node_modules/bezier-js, which hasn't been locked
50 verbose stack     at unlock (/usr/local/lib/node_modules/npm/lib/utils/locker.js:66:11)
50 verbose stack     at cb (/usr/local/lib/node_modules/npm/lib/install.js:1015:5)
50 verbose stack     at /usr/local/lib/node_modules/npm/lib/install.js:1019:20
50 verbose stack     at /usr/local/lib/node_modules/npm/lib/utils/locker.js:40:9
50 verbose stack     at cb (/usr/local/lib/node_modules/npm/node_modules/lockfile/lockfile.js:149:38)
50 verbose stack     at exports.lock (/usr/local/lib/node_modules/npm/node_modules/lockfile/lockfile.js:177:38)
50 verbose stack     at Object.oncomplete (fs.js:297:15)
51 verbose cwd /Users/mac/imagedev/hindialphabet
52 error Darwin 15.6.0
53 error argv "node" "/usr/local/bin/npm" "install" "bezier-js"
54 error node v0.8.15
55 error npm  v2.9.0
56 error Attempt to unlock /Users/mac/imagedev/hindialphabet/node_modules/bezier-js, which hasn't been locked
57 error If you need help, you may report this error at:
57 error     <https://github.com/npm/npm/issues>
58 verbose exit [ 1, true ]
